
> selflove@0.1.0 build
> next build

笆ｲ Next.js 16.1.6 (Turbopack)
- Environments: .env.local, .env.production

  Creating an optimized production build ...

> Build error occurred
Error: Turbopack build failed with 1 errors:
./app/page.tsx:8:1
Module not found: Can't resolve '@/components/NotificationSettingsUI'
   6 | import StoryTabs from "@/components/StoryTabs";
   7 | import InnerVoiceResponse from "@/components/InnerVoiceResponse";
>  8 | import { NotificationSettingsUI } from "@/components/NotificationSettingsUI";
     | ^^^^^^^^^^^^^^^^^^^^^^^^^^^^^^^^^^^^^^^^^^^^^^^^^^^^^^^^^^^^^^^^^^^^^^^^^^^^^
   9 | import { useChapters } from "@/hooks/useChapters";
  10 | import { getTodayAffirmation, getGreeting } from "@/lib/affirmations";
  11 | import {

Import map: aliased to relative './components/NotificationSettingsUI' inside of [project]/


Import traces:
  Client Component Browser:
    ./app/page.tsx [Client Component Browser]
    ./app/page.tsx [Server Component]

  Client Component SSR:
    ./app/page.tsx [Client Component SSR]
    ./app/page.tsx [Server Component]

https://nextjs.org/docs/messages/module-not-found


    at <unknown> (./app/page.tsx:8:1)
    at <unknown> (https://nextjs.org/docs/messages/module-not-found)
